2025-04-14 17:01:02,672 - [31m[1mWARNING: This is a development server. Do not use it in a production deployment. Use a production WSGI server instead.[0m
 * Running on http://127.0.0.1:5000
2025-04-14 17:01:02,672 - [33mPress CTRL+C to quit[0m
2025-04-14 17:01:08,016 - 127.0.0.1 - - [14/Apr/2025 17:01:08] "GET / HTTP/1.1" 200 -
2025-04-14 17:01:34,404 - Processing roll number: 0875CS231001
2025-04-14 17:01:35,861 - CAPTCHA failed for roll 0875CS231001: Alert Text: you have entered a wrong text
Message: unexpected alert open: {Alert text : you have entered a wrong text}
  (Session info: chrome=135.0.7049.85)
Stacktrace:
	GetHandleVerifier [0x00007FF747F55335+78597]
	GetHandleVerifier [0x00007FF747F55390+78688]
	(No symbol) [0x00007FF747D091AA]
	(No symbol) [0x00007FF747DAFDFB]
	(No symbol) [0x00007FF747D86EC3]
	(No symbol) [0x00007FF747D503F8]
	(No symbol) [0x00007FF747D51163]
	GetHandleVerifier [0x00007FF7481FEEED+2870973]
	GetHandleVerifier [0x00007FF7481F9698+2848360]
	GetHandleVerifier [0x00007FF748216973+2967875]
	GetHandleVerifier [0x00007FF747F7017A+188746]
	GetHandleVerifier [0x00007FF747F7845F+222255]
	GetHandleVerifier [0x00007FF747F5D2B4+111236]
	GetHandleVerifier [0x00007FF747F5D462+111666]
	GetHandleVerifier [0x00007FF747F43589+5465]
	BaseThreadInitThunk [0x00007FF874E9257D+29]
	RtlUserThreadStart [0x00007FF87618AF08+40]

2025-04-14 17:01:36,103 - Processing roll number: 0875CS231002
2025-04-14 17:01:37,168 - CAPTCHA failed for roll 0875CS231002: Alert Text: you have entered a wrong text
Message: unexpected alert open: {Alert text : you have entered a wrong text}
  (Session info: chrome=135.0.7049.85)
Stacktrace:
	GetHandleVerifier [0x00007FF747F55335+78597]
	GetHandleVerifier [0x00007FF747F55390+78688]
	(No symbol) [0x00007FF747D091AA]
	(No symbol) [0x00007FF747DAFDFB]
	(No symbol) [0x00007FF747D86EC3]
	(No symbol) [0x00007FF747D503F8]
	(No symbol) [0x00007FF747D51163]
	GetHandleVerifier [0x00007FF7481FEEED+2870973]
	GetHandleVerifier [0x00007FF7481F9698+2848360]
	GetHandleVerifier [0x00007FF748216973+2967875]
	GetHandleVerifier [0x00007FF747F7017A+188746]
	GetHandleVerifier [0x00007FF747F7845F+222255]
	GetHandleVerifier [0x00007FF747F5D2B4+111236]
	GetHandleVerifier [0x00007FF747F5D462+111666]
	GetHandleVerifier [0x00007FF747F43589+5465]
	BaseThreadInitThunk [0x00007FF874E9257D+29]
	RtlUserThreadStart [0x00007FF87618AF08+40]

2025-04-14 17:01:37,390 - Processing roll number: 0875CS231003
2025-04-14 17:01:38,867 - CAPTCHA failed for roll 0875CS231003: Alert Text: you have entered a wrong text
Message: unexpected alert open: {Alert text : you have entered a wrong text}
  (Session info: chrome=135.0.7049.85)
Stacktrace:
	GetHandleVerifier [0x00007FF747F55335+78597]
	GetHandleVerifier [0x00007FF747F55390+78688]
	(No symbol) [0x00007FF747D091AA]
	(No symbol) [0x00007FF747D19C49]
	(No symbol) [0x00007FF747D208DA]
	(No symbol) [0x00007FF747CF506D]
	(No symbol) [0x00007FF747D19121]
	(No symbol) [0x00007FF747DAF194]
	(No symbol) [0x00007FF747D86EC3]
	(No symbol) [0x00007FF747D503F8]
	(No symbol) [0x00007FF747D51163]
	GetHandleVerifier [0x00007FF7481FEEED+2870973]
	GetHandleVerifier [0x00007FF7481F9698+2848360]
	GetHandleVerifier [0x00007FF748216973+2967875]
	GetHandleVerifier [0x00007FF747F7017A+188746]
	GetHandleVerifier [0x00007FF747F7845F+222255]
	GetHandleVerifier [0x00007FF747F5D2B4+111236]
	GetHandleVerifier [0x00007FF747F5D462+111666]
	GetHandleVerifier [0x00007FF747F43589+5465]
	BaseThreadInitThunk [0x00007FF874E9257D+29]
	RtlUserThreadStart [0x00007FF87618AF08+40]

2025-04-14 17:01:39,494 - Processing roll number: 0875CS231004
2025-04-14 17:01:40,729 - CAPTCHA failed for roll 0875CS231004: Alert Text: you have entered a wrong text
Message: unexpected alert open: {Alert text : you have entered a wrong text}
  (Session info: chrome=135.0.7049.85)
Stacktrace:
	GetHandleVerifier [0x00007FF747F55335+78597]
	GetHandleVerifier [0x00007FF747F55390+78688]
	(No symbol) [0x00007FF747D091AA]
	(No symbol) [0x00007FF747DAFDFB]
	(No symbol) [0x00007FF747D86EC3]
	(No symbol) [0x00007FF747D503F8]
	(No symbol) [0x00007FF747D51163]
	GetHandleVerifier [0x00007FF7481FEEED+2870973]
	GetHandleVerifier [0x00007FF7481F9698+2848360]
	GetHandleVerifier [0x00007FF748216973+2967875]
	GetHandleVerifier [0x00007FF747F7017A+188746]
	GetHandleVerifier [0x00007FF747F7845F+222255]
	GetHandleVerifier [0x00007FF747F5D2B4+111236]
	GetHandleVerifier [0x00007FF747F5D462+111666]
	GetHandleVerifier [0x00007FF747F43589+5465]
	BaseThreadInitThunk [0x00007FF874E9257D+29]
	RtlUserThreadStart [0x00007FF87618AF08+40]

2025-04-14 17:01:40,954 - Processing roll number: 0875CS231005
2025-04-14 17:01:42,251 - CAPTCHA failed for roll 0875CS231005: Alert Text: you have entered a wrong text
Message: unexpected alert open: {Alert text : you have entered a wrong text}
  (Session info: chrome=135.0.7049.85)
Stacktrace:
	GetHandleVerifier [0x00007FF747F55335+78597]
	GetHandleVerifier [0x00007FF747F55390+78688]
	(No symbol) [0x00007FF747D091AA]
	(No symbol) [0x00007FF747DAFDFB]
	(No symbol) [0x00007FF747D86EC3]
	(No symbol) [0x00007FF747D503F8]
	(No symbol) [0x00007FF747D51163]
	GetHandleVerifier [0x00007FF7481FEEED+2870973]
	GetHandleVerifier [0x00007FF7481F9698+2848360]
	GetHandleVerifier [0x00007FF748216973+2967875]
	GetHandleVerifier [0x00007FF747F7017A+188746]
	GetHandleVerifier [0x00007FF747F7845F+222255]
	GetHandleVerifier [0x00007FF747F5D2B4+111236]
	GetHandleVerifier [0x00007FF747F5D462+111666]
	GetHandleVerifier [0x00007FF747F43589+5465]
	BaseThreadInitThunk [0x00007FF874E9257D+29]
	RtlUserThreadStart [0x00007FF87618AF08+40]

2025-04-14 17:01:42,455 - Processing roll number: 0875CS231006
2025-04-14 17:01:43,628 - CAPTCHA failed for roll 0875CS231006: Alert Text: you have entered a wrong text
Message: unexpected alert open: {Alert text : you have entered a wrong text}
  (Session info: chrome=135.0.7049.85)
Stacktrace:
	GetHandleVerifier [0x00007FF747F55335+78597]
	GetHandleVerifier [0x00007FF747F55390+78688]
	(No symbol) [0x00007FF747D091AA]
	(No symbol) [0x00007FF747DAFDFB]
	(No symbol) [0x00007FF747D86EC3]
	(No symbol) [0x00007FF747D503F8]
	(No symbol) [0x00007FF747D51163]
	GetHandleVerifier [0x00007FF7481FEEED+2870973]
	GetHandleVerifier [0x00007FF7481F9698+2848360]
	GetHandleVerifier [0x00007FF748216973+2967875]
	GetHandleVerifier [0x00007FF747F7017A+188746]
	GetHandleVerifier [0x00007FF747F7845F+222255]
	GetHandleVerifier [0x00007FF747F5D2B4+111236]
	GetHandleVerifier [0x00007FF747F5D462+111666]
	GetHandleVerifier [0x00007FF747F43589+5465]
	BaseThreadInitThunk [0x00007FF874E9257D+29]
	RtlUserThreadStart [0x00007FF87618AF08+40]

2025-04-14 17:01:43,850 - Processing roll number: 0875CS231007
2025-04-14 17:01:45,176 - CAPTCHA failed for roll 0875CS231007: Alert Text: you have entered a wrong text
Message: unexpected alert open: {Alert text : you have entered a wrong text}
  (Session info: chrome=135.0.7049.85)
Stacktrace:
	GetHandleVerifier [0x00007FF747F55335+78597]
	GetHandleVerifier [0x00007FF747F55390+78688]
	(No symbol) [0x00007FF747D091AA]
	(No symbol) [0x00007FF747DAFDFB]
	(No symbol) [0x00007FF747D86EC3]
	(No symbol) [0x00007FF747D503F8]
	(No symbol) [0x00007FF747D51163]
	GetHandleVerifier [0x00007FF7481FEEED+2870973]
	GetHandleVerifier [0x00007FF7481F9698+2848360]
	GetHandleVerifier [0x00007FF748216973+2967875]
	GetHandleVerifier [0x00007FF747F7017A+188746]
	GetHandleVerifier [0x00007FF747F7845F+222255]
	GetHandleVerifier [0x00007FF747F5D2B4+111236]
	GetHandleVerifier [0x00007FF747F5D462+111666]
	GetHandleVerifier [0x00007FF747F43589+5465]
	BaseThreadInitThunk [0x00007FF874E9257D+29]
	RtlUserThreadStart [0x00007FF87618AF08+40]

2025-04-14 17:01:45,516 - Processing roll number: 0875CS231008
2025-04-14 17:01:46,885 - CAPTCHA failed for roll 0875CS231008: Alert Text: you have entered a wrong text
Message: unexpected alert open: {Alert text : you have entered a wrong text}
  (Session info: chrome=135.0.7049.85)
Stacktrace:
	GetHandleVerifier [0x00007FF747F55335+78597]
	GetHandleVerifier [0x00007FF747F55390+78688]
	(No symbol) [0x00007FF747D091AA]
	(No symbol) [0x00007FF747DAFDFB]
	(No symbol) [0x00007FF747D86EC3]
	(No symbol) [0x00007FF747D503F8]
	(No symbol) [0x00007FF747D51163]
	GetHandleVerifier [0x00007FF7481FEEED+2870973]
	GetHandleVerifier [0x00007FF7481F9698+2848360]
	GetHandleVerifier [0x00007FF748216973+2967875]
	GetHandleVerifier [0x00007FF747F7017A+188746]
	GetHandleVerifier [0x00007FF747F7845F+222255]
	GetHandleVerifier [0x00007FF747F5D2B4+111236]
	GetHandleVerifier [0x00007FF747F5D462+111666]
	GetHandleVerifier [0x00007FF747F43589+5465]
	BaseThreadInitThunk [0x00007FF874E9257D+29]
	RtlUserThreadStart [0x00007FF87618AF08+40]

2025-04-14 17:01:47,402 - Processing roll number: 0875CS231009
